<?xml version="1.0" encoding="UTF-8"?>
<!-- Generated by org.testng.reporters.JUnitReportReporter -->
<testsuite skipped="0" hostname="LAPTOP-A313QKMS" name="mobiotics.lco.testCases.TC_Credit_11" tests="1" failures="0" timestamp="20 Mar 2019 10:30:07 GMT" time="20.794" errors="0">
  <testcase name="addCredit" time="20.794" classname="mobiotics.lco.testCases.TC_Credit_11"/>
</testsuite> <!-- mobiotics.lco.testCases.TC_Credit_11 -->
