<?xml version="1.0" encoding="UTF-8"?>
<!-- Generated by org.testng.reporters.JUnitReportReporter -->
<testsuite skipped="0" hostname="LAPTOP-A313QKMS" name="mobiotics.lco.testCases.Select_Broadcast_Plane_005" tests="1" failures="0" timestamp="20 Mar 2019 10:30:07 GMT" time="4.333" errors="0">
  <testcase name="add_BroadCast_Pay" time="4.333" classname="mobiotics.lco.testCases.Select_Broadcast_Plane_005"/>
</testsuite> <!-- mobiotics.lco.testCases.Select_Broadcast_Plane_005 -->
